

Processing WelcomeController#index (for 127.0.0.1 at 2009-11-14 16:31:44) [GET]

ActionController::UnknownAction (No action responded to index. Actions: ):
  thin (1.2.4) lib/thin/connection.rb:76:in `pre_process'
  thin (1.2.4) lib/thin/connection.rb:74:in `catch'
  thin (1.2.4) lib/thin/connection.rb:74:in `pre_process'
  thin (1.2.4) lib/thin/connection.rb:57:in `process'
  thin (1.2.4) lib/thin/connection.rb:42:in `receive_data'
  eventmachine (0.12.8) lib/eventmachine.rb:242:in `run_machine'
  eventmachine (0.12.8) lib/eventmachine.rb:242:in `run'
  thin (1.2.4) lib/thin/backends/base.rb:57:in `start'
  thin (1.2.4) lib/thin/server.rb:156:in `start'
  thin (1.2.4) lib/thin/controllers/controller.rb:80:in `start'
  thin (1.2.4) lib/thin/runner.rb:174:in `send'
  thin (1.2.4) lib/thin/runner.rb:174:in `run_command'
  thin (1.2.4) lib/thin/runner.rb:140:in `run!'
  thin (1.2.4) bin/thin:6
  /usr/bin/thin:19:in `load'
  /usr/bin/thin:19

Rendering rescues/layout (not_found)


Processing WelcomeController#index (for 127.0.0.1 at 2009-11-14 16:32:35) [GET]
Rendering welcome/index
Completed in 6ms (View: 4, DB: 0) | 200 OK [http://127.0.0.1/]
